2025-07-18 16:37:00 | DEBUG | repo=pv243-javaee-7 | action=commit
2025-02-23 13:13:00 | WARN | repo=pv243-javaee-7 | action=commit
2025-09-24 21:39:00 | DEBUG | repo=pv243-javaee-7 | action=edit | files=3
2025-05-06 16:18:00 | INFO | repo=pv243-javaee-7 | action=commit
2025-05-11 08:31:00 | DEBUG | repo=pv243-javaee-7 | action=commit
2025-06-18 20:10:00 | INFO | repo=pv243-javaee-7 | action=test | passed=true
2025-07-02 17:45:00 | INFO | repo=pv243-javaee-7 | action=commit
2025-03-15 11:22:00 | DEBUG | repo=pv243-javaee-7 | action=pull
2025-02-09 16:09:00 | INFO | repo=pv243-javaee-7 | action=pull
2025-04-23 12:05:00 | WARN | repo=pv243-javaee-7 | action=commit
2025-09-08 19:44:00 | DEBUG | repo=pv243-javaee-7 | action=pull
2025-10-25 07:51:00 | WARN | repo=pv243-javaee-7 | action=edit | files=1
2025-08-08 19:50:00 | DEBUG | repo=pv243-javaee-7 | action=commit
2025-05-04 08:29:00 | INFO | repo=pv243-javaee-7 | action=commit
2025-10-09 21:26:00 | DEBUG | repo=pv243-javaee-7 | action=commit
2025-01-03 14:45:00 | WARN | repo=pv243-javaee-7 | action=commit
2025-12-21 07:58:00 | DEBUG | repo=pv243-javaee-7 | action=edit | files=4
2025-03-03 11:51:00 | DEBUG | repo=pv243-javaee-7 | action=edit | files=2
2025-02-14 16:12:00 | WARN | repo=pv243-javaee-7 | action=commit
2025-09-13 08:59:00 | INFO | repo=pv243-javaee-7 | action=edit | files=3
2025-03-19 19:50:00 | WARN | repo=pv243-javaee-7 | action=commit
2025-10-28 08:47:00 | DEBUG | repo=pv243-javaee-7 | action=test | passed=true
2025-03-24 19:58:00 | DEBUG | repo=pv243-javaee-7 | action=commit
2025-03-26 19:53:00 | DEBUG | repo=pv243-javaee-7 | action=test | passed=true
2025-01-15 11:54:00 | INFO | repo=pv243-javaee-7 | action=commit
2025-06-19 21:17:00 | WARN | repo=pv243-javaee-7 | action=commit
2025-06-26 18:41:00 | WARN | repo=pv243-javaee-7 | action=test | passed=true
2025-09-04 20:36:00 | DEBUG | repo=pv243-javaee-7 | action=pull
2025-09-17 15:40:00 | DEBUG | repo=pv243-javaee-7 | action=commit
2025-02-17 14:39:00 | DEBUG | repo=pv243-javaee-7 | action=commit
2025-10-27 08:08:00 | WARN | repo=pv243-javaee-7 | action=commit
2025-12-01 10:25:00 | WARN | repo=pv243-javaee-7 | action=commit
2025-05-13 18:24:00 | DEBUG | repo=pv243-javaee-7 | action=edit | files=2
2025-11-03 11:49:00 | WARN | repo=pv243-javaee-7 | action=commit
2025-10-17 18:02:00 | INFO | repo=pv243-javaee-7 | action=edit | files=1
2025-01-18 16:04:00 | DEBUG | repo=pv243-javaee-7 | action=commit
2025-02-26 07:43:00 | DEBUG | repo=pv243-javaee-7 | action=commit
2025-11-03 20:11:00 | WARN | repo=pv243-javaee-7 | action=commit
2025-11-14 15:41:00 | WARN | repo=pv243-javaee-7 | action=commit
2025-07-23 20:44:00 | WARN | repo=pv243-javaee-7 | action=pull
2025-09-08 20:46:00 | INFO | repo=pv243-javaee-7 | action=commit
2025-03-26 15:28:00 | INFO | repo=pv243-javaee-7 | action=edit | files=1
2025-04-28 10:26:00 | WARN | repo=pv243-javaee-7 | action=test | passed=true
2025-05-25 18:14:00 | DEBUG | repo=pv243-javaee-7 | action=commit
2025-05-21 12:46:00 | DEBUG | repo=pv243-javaee-7 | action=commit
2025-09-11 08:33:00 | INFO | repo=pv243-javaee-7 | action=commit
2025-10-07 21:58:00 | WARN | repo=pv243-javaee-7 | action=commit
2025-09-05 09:53:00 | DEBUG | repo=pv243-javaee-7 | action=commit
2025-04-26 08:32:00 | DEBUG | repo=pv243-javaee-7 | action=pull
2025-06-28 09:41:00 | WARN | repo=pv243-javaee-7 | action=commit
2025-06-08 14:16:00 | INFO | repo=pv243-javaee-7 | action=commit
2025-11-19 13:56:00 | DEBUG | repo=pv243-javaee-7 | action=commit
2025-04-03 09:38:00 | INFO | repo=pv243-javaee-7 | action=edit | files=3
2025-02-03 20:12:00 | WARN | repo=pv243-javaee-7 | action=edit | files=5
2025-01-02 10:18:00 | DEBUG | repo=pv243-javaee-7 | action=commit
2025-02-02 10:37:00 | DEBUG | repo=pv243-javaee-7 | action=commit
